<?xml version="1.0" encoding="utf-8"?><testsuites name="pytest tests"><testsuite name="pytest" errors="0" failures="0" skipped="0" tests="16" time="1.841" timestamp="2026-04-25T07:07:24.598328+00:00" hostname="agent-env-645e1f1e-6bec-45a8-891e-e408f9ab60f9"><testcase classname="backend.tests.test_all_endpoints.TestAuth" name="test_send_otp" time="0.130" /><testcase classname="backend.tests.test_all_endpoints.TestAuth" name="test_verify_otp" time="0.105" /><testcase classname="backend.tests.test_all_endpoints.TestAuth" name="test_register" time="0.101" /><testcase classname="backend.tests.test_all_endpoints.TestStocks" name="test_get_stocks" time="0.103" /><testcase classname="backend.tests.test_all_endpoints.TestLedgers" name="test_get_ledgers" time="0.113" /><testcase classname="backend.tests.test_all_endpoints.TestReports" name="test_get_reports" time="0.117" /><testcase classname="backend.tests.test_all_endpoints.TestReports" name="test_get_reports_financial" time="0.115" /><testcase classname="backend.tests.test_all_endpoints.TestReports" name="test_get_reports_financial_report" time="0.110" /><testcase classname="backend.tests.test_all_endpoints.TestNotifications" name="test_get_notifications" time="0.105" /><testcase classname="backend.tests.test_all_endpoints.TestDashboard" name="test_kpi_strip" time="0.102" /><testcase classname="backend.tests.test_all_endpoints.TestDashboard" name="test_metrics" time="0.106" /><testcase classname="backend.tests.test_all_endpoints.TestDashboard" name="test_cashflow" time="0.100" /><testcase classname="backend.tests.test_all_endpoints.TestDashboard" name="test_recent_activity" time="0.105" /><testcase classname="backend.tests.test_all_endpoints.TestKPI" name="test_kpi_payables" time="0.111" /><testcase classname="backend.tests.test_all_endpoints.TestKPI" name="test_kpi_receivables" time="0.100" /><testcase classname="backend.tests.test_all_endpoints.TestSales" name="test_sales_invoices" time="0.121" /></testsuite></testsuites>